ATTENTION: default value of option mesa_glthread overridden by environment.
ATTENTION: default value of option mesa_glthread overridden by environment.
[Parent 14351, Main Thread] WARNING: Failed to call GetIdletime(): GDBus.Error:org.freedesktop.DBus.Error.ServiceUnknown: The name org.gnome.Mutter.IdleMonitor was not provided by any .service files
: 'glib warning', file /build/firefox/src/firefox-120.0/toolkit/xre/nsSigHandlers.cpp:187

** (firefox:14351): WARNING **: 11:01:53.293: Failed to call GetIdletime(): GDBus.Error:org.freedesktop.DBus.Error.ServiceUnknown: The name org.gnome.Mutter.IdleMonitor was not provided by any .service files

ATTENTION: default value of option mesa_glthread overridden by environment.
Exiting due to channel error.
Exiting due to channel error.
Exiting due to channel error.
Exiting due to channel error.
Exiting due to channel error.
Exiting due to channel error.
Exiting due to channel error.
Exiting due to channel error.
Exiting due to channel error.
ATTENTION: default value of option mesa_glthread overridden by environment.
ATTENTION: default value of option mesa_glthread overridden by environment.
[Parent 15867, Main Thread] WARNING: Failed to call GetIdletime(): GDBus.Error:org.freedesktop.DBus.Error.ServiceUnknown: The name org.gnome.Mutter.IdleMonitor was not provided by any .service files
: 'glib warning', file /build/firefox/src/firefox-120.0/toolkit/xre/nsSigHandlers.cpp:187

** (firefox:15867): WARNING **: 11:05:56.675: Failed to call GetIdletime(): GDBus.Error:org.freedesktop.DBus.Error.ServiceUnknown: The name org.gnome.Mutter.IdleMonitor was not provided by any .service files

